# JRE version: OpenJDK Runtime Environment (8.0_232-b09) (build 1.8.0_232-8u232-b09-0ubuntu1~18.04.1-b09)
# Java VM: OpenJDK 64-Bit Server VM (25.232-b09 mixed mode linux-amd64 compressed oops)
Heap:
 PSYoungGen      total 96256K, used 44604K [0x000000076cf00000, 0x0000000776080000, 0x00000007c0000000)
  eden space 86528K, 40% used [0x000000076cf00000,0x000000076f1884d8,0x0000000772380000)
  from space 9728K, 95% used [0x0000000775700000,0x0000000776006ee0,0x0000000776080000)
  to   space 10240K, 0% used [0x0000000774c80000,0x0000000774c80000,0x0000000775680000)
 ParOldGen       total 114688K, used 10689K [0x00000006c6c00000, 0x00000006cdc00000, 0x000000076cf00000)
  object space 114688K, 9% used [0x00000006c6c00000,0x00000006c7670508,0x00000006cdc00000)
 Metaspace       used 34076K, capacity 34489K, committed 34688K, reserved 1079296K
  class space    used 3985K, capacity 4128K, committed 4224K, reserved 1048576K
GC Heap History (10 events):
Event: 7,084 GC heap before
{Heap before GC invocations=5 (full 2):
 PSYoungGen      total 74752K, used 64512K [0x000000076cf00000, 0x0000000772200000, 0x00000007c0000000)
  eden space 64512K, 100% used [0x000000076cf00000,0x0000000770e00000,0x0000000770e00000)
  from space 10240K, 0% used [0x0000000771800000,0x0000000771800000,0x0000000772200000)
  to   space 10240K, 0% used [0x0000000770e00000,0x0000000770e00000,0x0000000771800000)
 ParOldGen       total 171008K, used 6984K [0x00000006c6c00000, 0x00000006d1300000, 0x000000076cf00000)
  object space 171008K, 4% used [0x00000006c6c00000,0x00000006c72d20e0,0x00000006d1300000)
 Metaspace       used 23933K, capacity 24237K, committed 24704K, reserved 1071104K
  class space    used 2752K, capacity 2820K, committed 2944K, reserved 1048576K
Event: 7,088 GC heap after
Heap after GC invocations=5 (full 2):
 PSYoungGen      total 74752K, used 5358K [0x000000076cf00000, 0x0000000772200000, 0x00000007c0000000)
  eden space 64512K, 0% used [0x000000076cf00000,0x000000076cf00000,0x0000000770e00000)
  from space 10240K, 52% used [0x0000000770e00000,0x000000077133bb70,0x0000000771800000)
  to   space 10240K, 0% used [0x0000000771800000,0x0000000771800000,0x0000000772200000)
 ParOldGen       total 171008K, used 6992K [0x00000006c6c00000, 0x00000006d1300000, 0x000000076cf00000)
  object space 171008K, 4% used [0x00000006c6c00000,0x00000006c72d40e0,0x00000006d1300000)
 Metaspace       used 23933K, capacity 24237K, committed 24704K, reserved 1071104K
  class space    used 2752K, capacity 2820K, committed 2944K, reserved 1048576K
}
Event: 7,312 GC heap before
{Heap before GC invocations=6 (full 2):
 PSYoungGen      total 74752K, used 69870K [0x000000076cf00000, 0x0000000772200000, 0x00000007c0000000)
  eden space 64512K, 100% used [0x000000076cf00000,0x0000000770e00000,0x0000000770e00000)
  from space 10240K, 52% used [0x0000000770e00000,0x000000077133bb70,0x0000000771800000)
  to   space 10240K, 0% used [0x0000000771800000,0x0000000771800000,0x0000000772200000)
 ParOldGen       total 171008K, used 6992K [0x00000006c6c00000, 0x00000006d1300000, 0x000000076cf00000)
  object space 171008K, 4% used [0x00000006c6c00000,0x00000006c72d40e0,0x00000006d1300000)
 Metaspace       used 27461K, capacity 27815K, committed 28032K, reserved 1073152K
  class space    used 3239K, capacity 3365K, committed 3456K, reserved 1048576K
Event: 7,322 GC heap after
Heap after GC invocations=6 (full 2):
 PSYoungGen      total 74752K, used 5691K [0x000000076cf00000, 0x0000000776100000, 0x00000007c0000000)
  eden space 64512K, 0% used [0x000000076cf00000,0x000000076cf00000,0x0000000770e00000)
  from space 10240K, 55% used [0x0000000771800000,0x0000000771d8ee98,0x0000000772200000)
  to   space 10240K, 0% used [0x0000000770e00000,0x0000000770e00000,0x0000000771800000)
 ParOldGen       total 171008K, used 7000K [0x00000006c6c00000, 0x00000006d1300000, 0x000000076cf00000)
  object space 171008K, 4% used [0x00000006c6c00000,0x00000006c72d60e0,0x00000006d1300000)
 Metaspace       used 27461K, capacity 27815K, committed 28032K, reserved 1073152K
  class space    used 3239K, capacity 3365K, committed 3456K, reserved 1048576K
}
Event: 8,006 GC heap before
{Heap before GC invocations=7 (full 2):
 PSYoungGen      total 74752K, used 32775K [0x000000076cf00000, 0x0000000776100000, 0x00000007c0000000)
  eden space 64512K, 41% used [0x000000076cf00000,0x000000076e9730d8,0x0000000770e00000)
  from space 10240K, 55% used [0x0000000771800000,0x0000000771d8ee98,0x0000000772200000)
  to   space 10240K, 0% used [0x0000000770e00000,0x0000000770e00000,0x0000000771800000)
 ParOldGen       total 171008K, used 7000K [0x00000006c6c00000, 0x00000006d1300000, 0x000000076cf00000)
  object space 171008K, 4% used [0x00000006c6c00000,0x00000006c72d60e0,0x00000006d1300000)
 Metaspace       used 28647K, capacity 28971K, committed 29184K, reserved 1075200K
  class space    used 3433K, capacity 3535K, committed 3584K, reserved 1048576K
Event: 8,016 GC heap after
Heap after GC invocations=7 (full 2):
 PSYoungGen      total 74752K, used 4776K [0x000000076cf00000, 0x0000000776100000, 0x00000007c0000000)
  eden space 64512K, 0% used [0x000000076cf00000,0x000000076cf00000,0x0000000770e00000)
  from space 10240K, 46% used [0x0000000770e00000,0x00000007712aa340,0x0000000771800000)
  to   space 10240K, 0% used [0x0000000775700000,0x0000000775700000,0x0000000776100000)
 ParOldGen       total 171008K, used 7008K [0x00000006c6c00000, 0x00000006d1300000, 0x000000076cf00000)
  object space 171008K, 4% used [0x00000006c6c00000,0x00000006c72d80e0,0x00000006d1300000)
 Metaspace       used 28647K, capacity 28971K, committed 29184K, reserved 1075200K
  class space    used 3433K, capacity 3535K, committed 3584K, reserved 1048576K
}
Event: 8,016 GC heap before
{Heap before GC invocations=8 (full 3):
 PSYoungGen      total 74752K, used 4776K [0x000000076cf00000, 0x0000000776100000, 0x00000007c0000000)
  eden space 64512K, 0% used [0x000000076cf00000,0x000000076cf00000,0x0000000770e00000)
  from space 10240K, 46% used [0x0000000770e00000,0x00000007712aa340,0x0000000771800000)
  to   space 10240K, 0% used [0x0000000775700000,0x0000000775700000,0x0000000776100000)
 ParOldGen       total 171008K, used 7008K [0x00000006c6c00000, 0x00000006d1300000, 0x000000076cf00000)
  object space 171008K, 4% used [0x00000006c6c00000,0x00000006c72d80e0,0x00000006d1300000)
 Metaspace       used 28647K, capacity 28971K, committed 29184K, reserved 1075200K
  class space    used 3433K, capacity 3535K, committed 3584K, reserved 1048576K
Event: 8,126 GC heap after
Heap after GC invocations=8 (full 3):
 PSYoungGen      total 74752K, used 0K [0x000000076cf00000, 0x0000000776100000, 0x00000007c0000000)
  eden space 64512K, 0% used [0x000000076cf00000,0x000000076cf00000,0x0000000770e00000)
  from space 10240K, 0% used [0x0000000770e00000,0x0000000770e00000,0x0000000771800000)
  to   space 10240K, 0% used [0x0000000775700000,0x0000000775700000,0x0000000776100000)
 ParOldGen       total 114688K, used 10681K [0x00000006c6c00000, 0x00000006cdc00000, 0x000000076cf00000)
  object space 114688K, 9% used [0x00000006c6c00000,0x00000006c766e508,0x00000006cdc00000)
 Metaspace       used 28647K, capacity 28971K, committed 29184K, reserved 1075200K
  class space    used 3433K, capacity 3535K, committed 3584K, reserved 1048576K
}
Event: 10,532 GC heap before
{Heap before GC invocations=9 (full 3):
 PSYoungGen      total 74752K, used 64512K [0x000000076cf00000, 0x0000000776100000, 0x00000007c0000000)
  eden space 64512K, 100% used [0x000000076cf00000,0x0000000770e00000,0x0000000770e00000)
  from space 10240K, 0% used [0x0000000770e00000,0x0000000770e00000,0x0000000771800000)
  to   space 10240K, 0% used [0x0000000775700000,0x0000000775700000,0x0000000776100000)
 ParOldGen       total 114688K, used 10681K [0x00000006c6c00000, 0x00000006cdc00000, 0x000000076cf00000)
  object space 114688K, 9% used [0x00000006c6c00000,0x00000006c766e508,0x00000006cdc00000)
 Metaspace       used 32493K, capacity 32857K, committed 33152K, reserved 1079296K
  class space    used 3805K, capacity 3904K, committed 3968K, reserved 1048576K
Event: 10,540 GC heap after
Heap after GC invocations=9 (full 3):
 PSYoungGen      total 96256K, used 9243K [0x000000076cf00000, 0x0000000776080000, 0x00000007c0000000)
  eden space 86528K, 0% used [0x000000076cf00000,0x000000076cf00000,0x0000000772380000)
  from space 9728K, 95% used [0x0000000775700000,0x0000000776006ee0,0x0000000776080000)
  to   space 10240K, 0% used [0x0000000774c80000,0x0000000774c80000,0x0000000775680000)
 ParOldGen       total 114688K, used 10689K [0x00000006c6c00000, 0x00000006cdc00000, 0x000000076cf00000)
  object space 114688K, 9% used [0x00000006c6c00000,0x00000006c7670508,0x00000006cdc00000)
 Metaspace       used 32493K, capacity 32857K, committed 33152K, reserved 1079296K
  class space    used 3805K, capacity 3904K, committed 3968K, reserved 1048576K
}

