# JRE version: OpenJDK Runtime Environment (8.0_222-b10) (build 1.8.0_222-8u222-b10-1ubuntu1~18.04.1-b10)
# Java VM: OpenJDK 64-Bit Server VM (25.222-b10 mixed mode linux-amd64 compressed oops)
Heap:
 PSYoungGen      total 74752K, used 45731K [0x000000076cf00000, 0x0000000772200000, 0x00000007c0000000)
  eden space 64512K, 70% used [0x000000076cf00000,0x000000076fba8c68,0x0000000770e00000)
  from space 10240K, 0% used [0x0000000770e00000,0x0000000770e00000,0x0000000771800000)
  to   space 10240K, 0% used [0x0000000771800000,0x0000000771800000,0x0000000772200000)
 ParOldGen       total 77824K, used 13139K [0x00000006c6c00000, 0x00000006cb800000, 0x000000076cf00000)
  object space 77824K, 16% used [0x00000006c6c00000,0x00000006c78d4f08,0x00000006cb800000)
 Metaspace       used 31116K, capacity 31521K, committed 31960K, reserved 1077248K
  class space    used 3651K, capacity 3776K, committed 3840K, reserved 1048576K
GC Heap History (10 events):
Event: 13,701 GC heap before
{Heap before GC invocations=4 (full 2):
 PSYoungGen      total 74752K, used 32K [0x000000076cf00000, 0x0000000772200000, 0x00000007c0000000)
  eden space 64512K, 0% used [0x000000076cf00000,0x000000076cf00000,0x0000000770e00000)
  from space 10240K, 0% used [0x0000000771800000,0x0000000771808000,0x0000000772200000)
  to   space 10240K, 0% used [0x0000000770e00000,0x0000000770e00000,0x0000000771800000)
 ParOldGen       total 171008K, used 8139K [0x00000006c6c00000, 0x00000006d1300000, 0x000000076cf00000)
  object space 171008K, 4% used [0x00000006c6c00000,0x00000006c73f2d68,0x00000006d1300000)
 Metaspace       used 17571K, capacity 17810K, committed 18176K, reserved 1064960K
  class space    used 2083K, capacity 2180K, committed 2304K, reserved 1048576K
Event: 13,718 GC heap after
Heap after GC invocations=4 (full 2):
 PSYoungGen      total 74752K, used 0K [0x000000076cf00000, 0x0000000772200000, 0x00000007c0000000)
  eden space 64512K, 0% used [0x000000076cf00000,0x000000076cf00000,0x0000000770e00000)
  from space 10240K, 0% used [0x0000000771800000,0x0000000771800000,0x0000000772200000)
  to   space 10240K, 0% used [0x0000000770e00000,0x0000000770e00000,0x0000000771800000)
 ParOldGen       total 171008K, used 8140K [0x00000006c6c00000, 0x00000006d1300000, 0x000000076cf00000)
  object space 171008K, 4% used [0x00000006c6c00000,0x00000006c73f3140,0x00000006d1300000)
 Metaspace       used 17571K, capacity 17810K, committed 18176K, reserved 1064960K
  class space    used 2083K, capacity 2180K, committed 2304K, reserved 1048576K
}
Event: 19,423 GC heap before
{Heap before GC invocations=5 (full 2):
 PSYoungGen      total 74752K, used 64512K [0x000000076cf00000, 0x0000000772200000, 0x00000007c0000000)
  eden space 64512K, 100% used [0x000000076cf00000,0x0000000770e00000,0x0000000770e00000)
  from space 10240K, 0% used [0x0000000771800000,0x0000000771800000,0x0000000772200000)
  to   space 10240K, 0% used [0x0000000770e00000,0x0000000770e00000,0x0000000771800000)
 ParOldGen       total 171008K, used 8140K [0x00000006c6c00000, 0x00000006d1300000, 0x000000076cf00000)
  object space 171008K, 4% used [0x00000006c6c00000,0x00000006c73f3140,0x00000006d1300000)
 Metaspace       used 24565K, capacity 24821K, committed 25216K, reserved 1071104K
  class space    used 2796K, capacity 2884K, committed 2944K, reserved 1048576K
Event: 19,434 GC heap after
Heap after GC invocations=5 (full 2):
 PSYoungGen      total 74752K, used 5980K [0x000000076cf00000, 0x0000000772200000, 0x00000007c0000000)
  eden space 64512K, 0% used [0x000000076cf00000,0x000000076cf00000,0x0000000770e00000)
  from space 10240K, 58% used [0x0000000770e00000,0x00000007713d71a0,0x0000000771800000)
  to   space 10240K, 0% used [0x0000000771800000,0x0000000771800000,0x0000000772200000)
 ParOldGen       total 171008K, used 8148K [0x00000006c6c00000, 0x00000006d1300000, 0x000000076cf00000)
  object space 171008K, 4% used [0x00000006c6c00000,0x00000006c73f5140,0x00000006d1300000)
 Metaspace       used 24565K, capacity 24821K, committed 25216K, reserved 1071104K
  class space    used 2796K, capacity 2884K, committed 2944K, reserved 1048576K
}
Event: 20,503 GC heap before
{Heap before GC invocations=6 (full 2):
 PSYoungGen      total 74752K, used 70492K [0x000000076cf00000, 0x0000000772200000, 0x00000007c0000000)
  eden space 64512K, 100% used [0x000000076cf00000,0x0000000770e00000,0x0000000770e00000)
  from space 10240K, 58% used [0x0000000770e00000,0x00000007713d71a0,0x0000000771800000)
  to   space 10240K, 0% used [0x0000000771800000,0x0000000771800000,0x0000000772200000)
 ParOldGen       total 171008K, used 8148K [0x00000006c6c00000, 0x00000006d1300000, 0x000000076cf00000)
  object space 171008K, 4% used [0x00000006c6c00000,0x00000006c73f5140,0x00000006d1300000)
 Metaspace       used 28161K, capacity 28495K, committed 28800K, reserved 1075200K
  class space    used 3298K, capacity 3397K, committed 3456K, reserved 1048576K
Event: 20,514 GC heap after
Heap after GC invocations=6 (full 2):
 PSYoungGen      total 74752K, used 6412K [0x000000076cf00000, 0x0000000772200000, 0x00000007c0000000)
  eden space 64512K, 0% used [0x000000076cf00000,0x000000076cf00000,0x0000000770e00000)
  from space 10240K, 62% used [0x0000000771800000,0x0000000771e43398,0x0000000772200000)
  to   space 10240K, 0% used [0x0000000770e00000,0x0000000770e00000,0x0000000771800000)
 ParOldGen       total 171008K, used 8156K [0x00000006c6c00000, 0x00000006d1300000, 0x000000076cf00000)
  object space 171008K, 4% used [0x00000006c6c00000,0x00000006c73f7140,0x00000006d1300000)
 Metaspace       used 28161K, capacity 28495K, committed 28800K, reserved 1075200K
  class space    used 3298K, capacity 3397K, committed 3456K, reserved 1048576K
}
Event: 22,611 GC heap before
{Heap before GC invocations=7 (full 2):
 PSYoungGen      total 74752K, used 36144K [0x000000076cf00000, 0x0000000772200000, 0x00000007c0000000)
  eden space 64512K, 46% used [0x000000076cf00000,0x000000076ec08f78,0x0000000770e00000)
  from space 10240K, 62% used [0x0000000771800000,0x0000000771e43398,0x0000000772200000)
  to   space 10240K, 0% used [0x0000000770e00000,0x0000000770e00000,0x0000000771800000)
 ParOldGen       total 171008K, used 8156K [0x00000006c6c00000, 0x00000006d1300000, 0x000000076cf00000)
  object space 171008K, 4% used [0x00000006c6c00000,0x00000006c73f7140,0x00000006d1300000)
 Metaspace       used 29718K, capacity 30105K, committed 30296K, reserved 1075200K
  class space    used 3529K, capacity 3646K, committed 3712K, reserved 1048576K
Event: 22,616 GC heap after
Heap after GC invocations=7 (full 2):
 PSYoungGen      total 74752K, used 6435K [0x000000076cf00000, 0x0000000772200000, 0x00000007c0000000)
  eden space 64512K, 0% used [0x000000076cf00000,0x000000076cf00000,0x0000000770e00000)
  from space 10240K, 62% used [0x0000000770e00000,0x0000000771448f20,0x0000000771800000)
  to   space 10240K, 0% used [0x0000000771800000,0x0000000771800000,0x0000000772200000)
 ParOldGen       total 171008K, used 8164K [0x00000006c6c00000, 0x00000006d1300000, 0x000000076cf00000)
  object space 171008K, 4% used [0x00000006c6c00000,0x00000006c73f9140,0x00000006d1300000)
 Metaspace       used 29718K, capacity 30105K, committed 30296K, reserved 1075200K
  class space    used 3529K, capacity 3646K, committed 3712K, reserved 1048576K
}
Event: 22,616 GC heap before
{Heap before GC invocations=8 (full 3):
 PSYoungGen      total 74752K, used 6435K [0x000000076cf00000, 0x0000000772200000, 0x00000007c0000000)
  eden space 64512K, 0% used [0x000000076cf00000,0x000000076cf00000,0x0000000770e00000)
  from space 10240K, 62% used [0x0000000770e00000,0x0000000771448f20,0x0000000771800000)
  to   space 10240K, 0% used [0x0000000771800000,0x0000000771800000,0x0000000772200000)
 ParOldGen       total 171008K, used 8164K [0x00000006c6c00000, 0x00000006d1300000, 0x000000076cf00000)
  object space 171008K, 4% used [0x00000006c6c00000,0x00000006c73f9140,0x00000006d1300000)
 Metaspace       used 29718K, capacity 30105K, committed 30296K, reserved 1075200K
  class space    used 3529K, capacity 3646K, committed 3712K, reserved 1048576K
Event: 22,660 GC heap after
Heap after GC invocations=8 (full 3):
 PSYoungGen      total 74752K, used 0K [0x000000076cf00000, 0x0000000772200000, 0x00000007c0000000)
  eden space 64512K, 0% used [0x000000076cf00000,0x000000076cf00000,0x0000000770e00000)
  from space 10240K, 0% used [0x0000000770e00000,0x0000000770e00000,0x0000000771800000)
  to   space 10240K, 0% used [0x0000000771800000,0x0000000771800000,0x0000000772200000)
 ParOldGen       total 77824K, used 13139K [0x00000006c6c00000, 0x00000006cb800000, 0x000000076cf00000)
  object space 77824K, 16% used [0x00000006c6c00000,0x00000006c78d4f08,0x00000006cb800000)
 Metaspace       used 29718K, capacity 30105K, committed 30296K, reserved 1075200K
  class space    used 3529K, capacity 3646K, committed 3712K, reserved 1048576K
}

