# JRE version: OpenJDK Runtime Environment (8.0_232-b09) (build 1.8.0_232-8u232-b09-0ubuntu1~18.04.1-b09)
# Java VM: OpenJDK 64-Bit Server VM (25.232-b09 mixed mode linux-amd64 compressed oops)
Heap:
 PSYoungGen      total 717312K, used 29630K [0x000000076cf00000, 0x00000007b6e00000, 0x00000007c0000000)
  eden space 537600K, 0% used [0x000000076cf00000,0x000000076cf00000,0x000000078dc00000)
  from space 179712K, 16% used [0x000000079ee00000,0x00000007a0aef998,0x00000007a9d80000)
  to   space 280576K, 0% used [0x000000078dc00000,0x000000078dc00000,0x000000079ee00000)
 ParOldGen       total 800768K, used 800664K [0x00000006c6c00000, 0x00000006f7a00000, 0x000000076cf00000)
  object space 800768K, 99% used [0x00000006c6c00000,0x00000006f79e6348,0x00000006f7a00000)
 Metaspace       used 20822K, capacity 21297K, committed 21552K, reserved 1069056K
  class space    used 2296K, capacity 2398K, committed 2432K, reserved 1048576K
GC Heap History (10 events):
Event: 17,038 GC heap after
Heap after GC invocations=10 (full 1):
 PSYoungGen      total 555520K, used 503296K [0x000000076cf00000, 0x0000000794600000, 0x00000007c0000000)
  eden space 503296K, 100% used [0x000000076cf00000,0x000000078ba80000,0x000000078ba80000)
  from space 52224K, 0% used [0x000000078fa00000,0x000000078fa00000,0x0000000792d00000)
  to   space 65024K, 99% used [0x000000078ba80000,0x000000078f9fe300,0x000000078fa00000)
 ParOldGen       total 349184K, used 348697K [0x00000006c6c00000, 0x00000006dc100000, 0x000000076cf00000)
  object space 349184K, 99% used [0x00000006c6c00000,0x00000006dc086780,0x00000006dc100000)
 Metaspace       used 20774K, capacity 21297K, committed 21552K, reserved 1069056K
  class space    used 2296K, capacity 2398K, committed 2432K, reserved 1048576K
}
Event: 17,038 GC heap before
{Heap before GC invocations=11 (full 2):
 PSYoungGen      total 555520K, used 503296K [0x000000076cf00000, 0x0000000794600000, 0x00000007c0000000)
  eden space 503296K, 100% used [0x000000076cf00000,0x000000078ba80000,0x000000078ba80000)
  from space 52224K, 0% used [0x000000078fa00000,0x000000078fa00000,0x0000000792d00000)
  to   space 65024K, 99% used [0x000000078ba80000,0x000000078f9fe300,0x000000078fa00000)
 ParOldGen       total 349184K, used 348697K [0x00000006c6c00000, 0x00000006dc100000, 0x000000076cf00000)
  object space 349184K, 99% used [0x00000006c6c00000,0x00000006dc086780,0x00000006dc100000)
 Metaspace       used 20774K, capacity 21297K, committed 21552K, reserved 1069056K
  class space    used 2296K, capacity 2398K, committed 2432K, reserved 1048576K
Event: 18,108 GC heap after
Heap after GC invocations=11 (full 2):
 PSYoungGen      total 555520K, used 0K [0x000000076cf00000, 0x0000000794600000, 0x00000007c0000000)
  eden space 503296K, 0% used [0x000000076cf00000,0x000000076cf00000,0x000000078ba80000)
  from space 52224K, 0% used [0x000000078fa00000,0x000000078fa00000,0x0000000792d00000)
  to   space 65024K, 0% used [0x000000078ba80000,0x000000078ba80000,0x000000078fa00000)
 ParOldGen       total 402432K, used 225184K [0x00000006c6c00000, 0x00000006df500000, 0x000000076cf00000)
  object space 402432K, 55% used [0x00000006c6c00000,0x00000006d47e8078,0x00000006df500000)
 Metaspace       used 20774K, capacity 21297K, committed 21552K, reserved 1069056K
  class space    used 2296K, capacity 2398K, committed 2432K, reserved 1048576K
}
Event: 28,751 GC heap before
{Heap before GC invocations=12 (full 2):
 PSYoungGen      total 555520K, used 503296K [0x000000076cf00000, 0x0000000794600000, 0x00000007c0000000)
  eden space 503296K, 100% used [0x000000076cf00000,0x000000078ba80000,0x000000078ba80000)
  from space 52224K, 0% used [0x000000078fa00000,0x000000078fa00000,0x0000000792d00000)
  to   space 65024K, 0% used [0x000000078ba80000,0x000000078ba80000,0x000000078fa00000)
 ParOldGen       total 402432K, used 225184K [0x00000006c6c00000, 0x00000006df500000, 0x000000076cf00000)
  object space 402432K, 55% used [0x00000006c6c00000,0x00000006d47e8078,0x00000006df500000)
 Metaspace       used 20796K, capacity 21297K, committed 21552K, reserved 1069056K
  class space    used 2296K, capacity 2398K, committed 2432K, reserved 1048576K
Event: 29,087 GC heap after
Heap after GC invocations=12 (full 2):
 PSYoungGen      total 568320K, used 65003K [0x000000076cf00000, 0x00000007a9d80000, 0x00000007c0000000)
  eden space 503296K, 0% used [0x000000076cf00000,0x000000076cf00000,0x000000078ba80000)
  from space 65024K, 99% used [0x000000078ba80000,0x000000078f9faf40,0x000000078fa00000)
  to   space 179712K, 0% used [0x000000079ee00000,0x000000079ee00000,0x00000007a9d80000)
 ParOldGen       total 480768K, used 480736K [0x00000006c6c00000, 0x00000006e4180000, 0x000000076cf00000)
  object space 480768K, 99% used [0x00000006c6c00000,0x00000006e4178078,0x00000006e4180000)
 Metaspace       used 20796K, capacity 21297K, committed 21552K, reserved 1069056K
  class space    used 2296K, capacity 2398K, committed 2432K, reserved 1048576K
}
Event: 29,087 GC heap before
{Heap before GC invocations=13 (full 3):
 PSYoungGen      total 568320K, used 65003K [0x000000076cf00000, 0x00000007a9d80000, 0x00000007c0000000)
  eden space 503296K, 0% used [0x000000076cf00000,0x000000076cf00000,0x000000078ba80000)
  from space 65024K, 99% used [0x000000078ba80000,0x000000078f9faf40,0x000000078fa00000)
  to   space 179712K, 0% used [0x000000079ee00000,0x000000079ee00000,0x00000007a9d80000)
 ParOldGen       total 480768K, used 480736K [0x00000006c6c00000, 0x00000006e4180000, 0x000000076cf00000)
  object space 480768K, 99% used [0x00000006c6c00000,0x00000006e4178078,0x00000006e4180000)
 Metaspace       used 20796K, capacity 21297K, committed 21552K, reserved 1069056K
  class space    used 2296K, capacity 2398K, committed 2432K, reserved 1048576K
Event: 31,088 GC heap after
Heap after GC invocations=13 (full 3):
 PSYoungGen      total 568320K, used 55719K [0x000000076cf00000, 0x00000007a9d80000, 0x00000007c0000000)
  eden space 503296K, 0% used [0x000000076cf00000,0x000000076cf00000,0x000000078ba80000)
  from space 65024K, 85% used [0x000000078ba80000,0x000000078f0e9f70,0x000000078fa00000)
  to   space 179712K, 0% used [0x000000079ee00000,0x000000079ee00000,0x00000007a9d80000)
 ParOldGen       total 800768K, used 480412K [0x00000006c6c00000, 0x00000006f7a00000, 0x000000076cf00000)
  object space 800768K, 59% used [0x00000006c6c00000,0x00000006e41271c8,0x00000006f7a00000)
 Metaspace       used 20796K, capacity 21297K, committed 21552K, reserved 1069056K
  class space    used 2296K, capacity 2398K, committed 2432K, reserved 1048576K
}
Event: 42,424 GC heap before
{Heap before GC invocations=14 (full 3):
 PSYoungGen      total 568320K, used 559015K [0x000000076cf00000, 0x00000007a9d80000, 0x00000007c0000000)
  eden space 503296K, 100% used [0x000000076cf00000,0x000000078ba80000,0x000000078ba80000)
  from space 65024K, 85% used [0x000000078ba80000,0x000000078f0e9f70,0x000000078fa00000)
  to   space 179712K, 0% used [0x000000079ee00000,0x000000079ee00000,0x00000007a9d80000)
 ParOldGen       total 800768K, used 480412K [0x00000006c6c00000, 0x00000006f7a00000, 0x000000076cf00000)
  object space 800768K, 59% used [0x00000006c6c00000,0x00000006e41271c8,0x00000006f7a00000)
 Metaspace       used 20822K, capacity 21297K, committed 21552K, reserved 1069056K
  class space    used 2296K, capacity 2398K, committed 2432K, reserved 1048576K
Event: 45,883 GC heap after
Heap after GC invocations=14 (full 3):
 PSYoungGen      total 717312K, used 179681K [0x000000076cf00000, 0x00000007b6e00000, 0x00000007c0000000)
  eden space 537600K, 0% used [0x000000076cf00000,0x000000076cf00000,0x000000078dc00000)
  from space 179712K, 99% used [0x000000079ee00000,0x00000007a9d786d0,0x00000007a9d80000)
  to   space 280576K, 0% used [0x000000078dc00000,0x000000078dc00000,0x000000079ee00000)
 ParOldGen       total 800768K, used 664700K [0x00000006c6c00000, 0x00000006f7a00000, 0x000000076cf00000)
  object space 800768K, 83% used [0x00000006c6c00000,0x00000006ef51f1c8,0x00000006f7a00000)
 Metaspace       used 20822K, capacity 21297K, committed 21552K, reserved 1069056K
  class space    used 2296K, capacity 2398K, committed 2432K, reserved 1048576K
}
Event: 45,885 GC heap before
{Heap before GC invocations=15 (full 4):
 PSYoungGen      total 717312K, used 179681K [0x000000076cf00000, 0x00000007b6e00000, 0x00000007c0000000)
  eden space 537600K, 0% used [0x000000076cf00000,0x000000076cf00000,0x000000078dc00000)
  from space 179712K, 99% used [0x000000079ee00000,0x00000007a9d786d0,0x00000007a9d80000)
  to   space 280576K, 0% used [0x000000078dc00000,0x000000078dc00000,0x000000079ee00000)
 ParOldGen       total 800768K, used 664700K [0x00000006c6c00000, 0x00000006f7a00000, 0x000000076cf00000)
  object space 800768K, 83% used [0x00000006c6c00000,0x00000006ef51f1c8,0x00000006f7a00000)
 Metaspace       used 20822K, capacity 21297K, committed 21552K, reserved 1069056K
  class space    used 2296K, capacity 2398K, committed 2432K, reserved 1048576K

