# JRE version: OpenJDK Runtime Environment (8.0_232-b09) (build 1.8.0_232-8u232-b09-0ubuntu1~18.04.1-b09)
# Java VM: OpenJDK 64-Bit Server VM (25.232-b09 mixed mode linux-amd64 compressed oops)
Heap:
 PSYoungGen      total 99840K, used 23795K [0x000000076cf00000, 0x0000000776300000, 0x00000007c0000000)
  eden space 78336K, 2% used [0x000000076cf00000,0x000000076d13dad0,0x0000000771b80000)
  from space 21504K, 99% used [0x0000000774e00000,0x00000007762ff290,0x0000000776300000)
  to   space 34816K, 0% used [0x0000000771f00000,0x0000000771f00000,0x0000000774100000)
 ParOldGen       total 127488K, used 31632K [0x00000006c6c00000, 0x00000006ce880000, 0x000000076cf00000)
  object space 127488K, 24% used [0x00000006c6c00000,0x00000006c8ae4220,0x00000006ce880000)
 Metaspace       used 27855K, capacity 28403K, committed 28672K, reserved 1075200K
  class space    used 3132K, capacity 3269K, committed 3328K, reserved 1048576K
GC Heap History (10 events):
Event: 2,501 GC heap before
{Heap before GC invocations=3 (full 1):
 PSYoungGen      total 74752K, used 10230K [0x000000076cf00000, 0x0000000772200000, 0x00000007c0000000)
  eden space 64512K, 0% used [0x000000076cf00000,0x000000076cf00000,0x0000000770e00000)
  from space 10240K, 99% used [0x0000000771800000,0x00000007721fdaa0,0x0000000772200000)
  to   space 10240K, 0% used [0x0000000770e00000,0x0000000770e00000,0x0000000771800000)
 ParOldGen       total 171008K, used 2015K [0x00000006c6c00000, 0x00000006d1300000, 0x000000076cf00000)
  object space 171008K, 1% used [0x00000006c6c00000,0x00000006c6df7fe0,0x00000006d1300000)
 Metaspace       used 20568K, capacity 21141K, committed 21296K, reserved 1069056K
  class space    used 2287K, capacity 2414K, committed 2432K, reserved 1048576K
Event: 2,548 GC heap after
Heap after GC invocations=3 (full 1):
 PSYoungGen      total 74752K, used 0K [0x000000076cf00000, 0x0000000772200000, 0x00000007c0000000)
  eden space 64512K, 0% used [0x000000076cf00000,0x000000076cf00000,0x0000000770e00000)
  from space 10240K, 0% used [0x0000000771800000,0x0000000771800000,0x0000000772200000)
  to   space 10240K, 0% used [0x0000000770e00000,0x0000000770e00000,0x0000000771800000)
 ParOldGen       total 127488K, used 12030K [0x00000006c6c00000, 0x00000006ce880000, 0x000000076cf00000)
  object space 127488K, 9% used [0x00000006c6c00000,0x00000006c77bfbe8,0x00000006ce880000)
 Metaspace       used 20506K, capacity 21045K, committed 21296K, reserved 1069056K
  class space    used 2278K, capacity 2398K, committed 2432K, reserved 1048576K
}
Event: 2,749 GC heap before
{Heap before GC invocations=4 (full 1):
 PSYoungGen      total 74752K, used 64512K [0x000000076cf00000, 0x0000000772200000, 0x00000007c0000000)
  eden space 64512K, 100% used [0x000000076cf00000,0x0000000770e00000,0x0000000770e00000)
  from space 10240K, 0% used [0x0000000771800000,0x0000000771800000,0x0000000772200000)
  to   space 10240K, 0% used [0x0000000770e00000,0x0000000770e00000,0x0000000771800000)
 ParOldGen       total 127488K, used 12030K [0x00000006c6c00000, 0x00000006ce880000, 0x000000076cf00000)
  object space 127488K, 9% used [0x00000006c6c00000,0x00000006c77bfbe8,0x00000006ce880000)
 Metaspace       used 20711K, capacity 21287K, committed 21424K, reserved 1069056K
  class space    used 2305K, capacity 2453K, committed 2560K, reserved 1048576K
Event: 2,750 GC heap after
Heap after GC invocations=4 (full 1):
 PSYoungGen      total 74752K, used 288K [0x000000076cf00000, 0x0000000773100000, 0x00000007c0000000)
  eden space 64512K, 0% used [0x000000076cf00000,0x000000076cf00000,0x0000000770e00000)
  from space 10240K, 2% used [0x0000000770e00000,0x0000000770e48000,0x0000000771800000)
  to   space 10240K, 0% used [0x0000000772700000,0x0000000772700000,0x0000000773100000)
 ParOldGen       total 127488K, used 12038K [0x00000006c6c00000, 0x00000006ce880000, 0x000000076cf00000)
  object space 127488K, 9% used [0x00000006c6c00000,0x00000006c77c1be8,0x00000006ce880000)
 Metaspace       used 20711K, capacity 21287K, committed 21424K, reserved 1069056K
  class space    used 2305K, capacity 2453K, committed 2560K, reserved 1048576K
}
Event: 2,856 GC heap before
{Heap before GC invocations=5 (full 1):
 PSYoungGen      total 74752K, used 64800K [0x000000076cf00000, 0x0000000773100000, 0x00000007c0000000)
  eden space 64512K, 100% used [0x000000076cf00000,0x0000000770e00000,0x0000000770e00000)
  from space 10240K, 2% used [0x0000000770e00000,0x0000000770e48000,0x0000000771800000)
  to   space 10240K, 0% used [0x0000000772700000,0x0000000772700000,0x0000000773100000)
 ParOldGen       total 127488K, used 12038K [0x00000006c6c00000, 0x00000006ce880000, 0x000000076cf00000)
  object space 127488K, 9% used [0x00000006c6c00000,0x00000006c77c1be8,0x00000006ce880000)
 Metaspace       used 20724K, capacity 21287K, committed 21424K, reserved 1069056K
  class space    used 2305K, capacity 2453K, committed 2560K, reserved 1048576K
Event: 2,857 GC heap after
Heap after GC invocations=5 (full 1):
 PSYoungGen      total 90112K, used 160K [0x000000076cf00000, 0x0000000773400000, 0x00000007c0000000)
  eden space 79872K, 0% used [0x000000076cf00000,0x000000076cf00000,0x0000000771d00000)
  from space 10240K, 1% used [0x0000000772700000,0x0000000772728000,0x0000000773100000)
  to   space 10240K, 0% used [0x0000000771d00000,0x0000000771d00000,0x0000000772700000)
 ParOldGen       total 127488K, used 12038K [0x00000006c6c00000, 0x00000006ce880000, 0x000000076cf00000)
  object space 127488K, 9% used [0x00000006c6c00000,0x00000006c77c1be8,0x00000006ce880000)
 Metaspace       used 20724K, capacity 21287K, committed 21424K, reserved 1069056K
  class space    used 2305K, capacity 2453K, committed 2560K, reserved 1048576K
}
Event: 3,251 GC heap before
{Heap before GC invocations=6 (full 1):
 PSYoungGen      total 90112K, used 73728K [0x000000076cf00000, 0x0000000773400000, 0x00000007c0000000)
  eden space 79872K, 92% used [0x000000076cf00000,0x00000007716d8290,0x0000000771d00000)
  from space 10240K, 1% used [0x0000000772700000,0x0000000772728000,0x0000000773100000)
  to   space 10240K, 0% used [0x0000000771d00000,0x0000000771d00000,0x0000000772700000)
 ParOldGen       total 127488K, used 12038K [0x00000006c6c00000, 0x00000006ce880000, 0x000000076cf00000)
  object space 127488K, 9% used [0x00000006c6c00000,0x00000006c77c1be8,0x00000006ce880000)
 Metaspace       used 21151K, capacity 21709K, committed 21936K, reserved 1069056K
  class space    used 2333K, capacity 2486K, committed 2560K, reserved 1048576K
Event: 3,259 GC heap after
Heap after GC invocations=6 (full 1):
 PSYoungGen      total 90112K, used 10218K [0x000000076cf00000, 0x0000000776300000, 0x00000007c0000000)
  eden space 79872K, 0% used [0x000000076cf00000,0x000000076cf00000,0x0000000771d00000)
  from space 10240K, 99% used [0x0000000771d00000,0x00000007726fa910,0x0000000772700000)
  to   space 21504K, 0% used [0x0000000774e00000,0x0000000774e00000,0x0000000776300000)
 ParOldGen       total 127488K, used 18145K [0x00000006c6c00000, 0x00000006ce880000, 0x000000076cf00000)
  object space 127488K, 14% used [0x00000006c6c00000,0x00000006c7db86c0,0x00000006ce880000)
 Metaspace       used 21151K, capacity 21709K, committed 21936K, reserved 1069056K
  class space    used 2333K, capacity 2486K, committed 2560K, reserved 1048576K
}
Event: 17846,354 GC heap before
{Heap before GC invocations=7 (full 1):
 PSYoungGen      total 90112K, used 90090K [0x000000076cf00000, 0x0000000776300000, 0x00000007c0000000)
  eden space 79872K, 100% used [0x000000076cf00000,0x0000000771d00000,0x0000000771d00000)
  from space 10240K, 99% used [0x0000000771d00000,0x00000007726fa910,0x0000000772700000)
  to   space 21504K, 0% used [0x0000000774e00000,0x0000000774e00000,0x0000000776300000)
 ParOldGen       total 127488K, used 18145K [0x00000006c6c00000, 0x00000006ce880000, 0x000000076cf00000)
  object space 127488K, 14% used [0x00000006c6c00000,0x00000006c7db86c0,0x00000006ce880000)
 Metaspace       used 27850K, capacity 28403K, committed 28672K, reserved 1075200K
  class space    used 3132K, capacity 3269K, committed 3328K, reserved 1048576K
Event: 17846,404 GC heap after
Heap after GC invocations=7 (full 1):
 PSYoungGen      total 99840K, used 21500K [0x000000076cf00000, 0x0000000776300000, 0x00000007c0000000)
  eden space 78336K, 0% used [0x000000076cf00000,0x000000076cf00000,0x0000000771b80000)
  from space 21504K, 99% used [0x0000000774e00000,0x00000007762ff290,0x0000000776300000)
  to   space 34816K, 0% used [0x0000000771f00000,0x0000000771f00000,0x0000000774100000)
 ParOldGen       total 127488K, used 31632K [0x00000006c6c00000, 0x00000006ce880000, 0x000000076cf00000)
  object space 127488K, 24% used [0x00000006c6c00000,0x00000006c8ae4220,0x00000006ce880000)
 Metaspace       used 27850K, capacity 28403K, committed 28672K, reserved 1075200K
  class space    used 3132K, capacity 3269K, committed 3328K, reserved 1048576K
}

